<?xml version="1.0" encoding="UTF-8"?>
<!-- Generated by org.testng.reporters.JUnitReportReporter -->
<testsuite hostname="DESKTOP-3ATMJAD" failures="0" tests="2" name="TestNGPack.TestNGClass2" time="62.041" errors="0" timestamp="2022-09-20T14:41:49 IST" skipped="0">
  <testcase classname="TestNGPack.TestNGClass2" name="openAjioFacebookPage" time="36.946"/>
  <system-out/>
  <testcase classname="TestNGPack.TestNGClass2" name="openAjioInstagramPage" time="25.095"/>
  <system-out/>
</testsuite> <!-- TestNGPack.TestNGClass2 -->
