<?xml version="1.0" encoding="UTF-8"?>
<!-- Generated by org.testng.reporters.JUnitReportReporter -->
<testsuite hostname="DESKTOP-3ATMJAD" failures="0" tests="2" name="TestNGPack.TestNGClass3" time="211.910" errors="0" timestamp="2022-09-28T21:20:33 IST" skipped="0">
  <testcase classname="TestNGPack.TestNGClass3" name="openProductPage" time="181.662"/>
  <system-out/>
  <testcase classname="TestNGPack.TestNGClass3" name="checkAddToCartBag" time="30.248"/>
  <system-out/>
</testsuite> <!-- TestNGPack.TestNGClass3 -->
