<?xml version="1.0" encoding="UTF-8"?>
<!-- Generated by org.testng.reporters.JUnitReportReporter -->
<testsuite hostname="DESKTOP-3ATMJAD" failures="0" tests="2" name="TestNGPack.TestNGClass1" time="198.213" errors="0" timestamp="2022-09-28T21:20:33 IST" skipped="0">
  <testcase classname="TestNGPack.TestNGClass1" name="selectWatch" time="127.831"/>
  <system-out/>
  <testcase classname="TestNGPack.TestNGClass1" name="sportShoosePage" time="70.382"/>
  <system-out/>
</testsuite> <!-- TestNGPack.TestNGClass1 -->
